[debug] [2024-08-30T09:28:05.681Z] ----------------------------------------------------------------------
[debug] [2024-08-30T09:28:05.687Z] Command:       C:\Program Files\nodejs\node.exe C:\Users\Hp\AppData\Roaming\npm\node_modules\firebase-tools\lib\bin\firebase.js init
[debug] [2024-08-30T09:28:05.688Z] CLI Version:   13.16.0
[debug] [2024-08-30T09:28:05.688Z] Platform:      win32
[debug] [2024-08-30T09:28:05.689Z] Node Version:  v20.14.0
[debug] [2024-08-30T09:28:05.689Z] Time:          Fri Aug 30 2024 02:28:05 GMT-0700 (Mexican Pacific Standard Time)
[debug] [2024-08-30T09:28:05.689Z] ----------------------------------------------------------------------
[debug] 
[debug] [2024-08-30T09:28:05.704Z] > command requires scopes: ["email","openid","https://www.googleapis.com/auth/cloudplatformprojects.readonly","https://www.googleapis.com/auth/firebase","https://www.googleapis.com/auth/cloud-platform"]
[debug] [2024-08-30T09:28:05.705Z] > authorizing via signed-in user (prajapatibhavu6@gmail.com)
[info] 
     ######## #### ########  ######## ########     ###     ######  ########
     ##        ##  ##     ## ##       ##     ##  ##   ##  ##       ##
     ######    ##  ########  ######   ########  #########  ######  ######
     ##        ##  ##    ##  ##       ##     ## ##     ##       ## ##
     ##       #### ##     ## ######## ########  ##     ##  ######  ########

You're about to initialize a Firebase project in this directory:

  C:\xampp\htdocs\Kinju

Before we get started, keep in mind:

  * You are currently outside your home directory

[info] 
=== Project Setup
[info] 
[info] First, let's associate this project directory with a Firebase project.
[info] You can create multiple project aliases by running firebase use --add, 
[info] but for now we'll just set up a default project.
[info] 
[info] i  If you want to create a project in a Google Cloud organization or folder, please use "firebase projects:create" instead, and return to this command when you've created the project. 
[debug] [2024-08-30T09:29:15.287Z] >>> [apiv2][query] POST https://cloudresourcemanager.googleapis.com/v1/projects [none]
[debug] [2024-08-30T09:29:15.288Z] >>> [apiv2][body] POST https://cloudresourcemanager.googleapis.com/v1/projects {"projectId":"kinju","name":"0022"}
[debug] [2024-08-30T09:29:15.382Z] *** [apiv2] error from fetch(https://cloudresourcemanager.googleapis.com/v1/projects, {"headers":{},"method":"POST","signal":{},"body":"{\"projectId\":\"kinju\",\"name\":\"0022\"}"}): FetchError: request to https://cloudresourcemanager.googleapis.com/v1/projects failed, reason: getaddrinfo ENOTFOUND cloudresourcemanager.googleapis.com
[debug] [2024-08-30T09:29:15.392Z] FirebaseError: Failed to make request to https://cloudresourcemanager.googleapis.com/v1/projects
    at RetryOperation._fn (C:\Users\Hp\AppData\Roaming\npm\node_modules\firebase-tools\lib\apiv2.js:259:31)
    at process.processTicksAndRejections (node:internal/process/task_queues:95:5)
[error] 
[error] Error: Failed to create project. See firebase-debug.log for more info.
[debug] [2024-08-30T09:29:30.383Z] ----------------------------------------------------------------------
[debug] [2024-08-30T09:29:30.388Z] Command:       C:\Program Files\nodejs\node.exe C:\Users\Hp\AppData\Roaming\npm\node_modules\firebase-tools\lib\bin\firebase.js init
[debug] [2024-08-30T09:29:30.389Z] CLI Version:   13.16.0
[debug] [2024-08-30T09:29:30.389Z] Platform:      win32
[debug] [2024-08-30T09:29:30.389Z] Node Version:  v20.14.0
[debug] [2024-08-30T09:29:30.390Z] Time:          Fri Aug 30 2024 02:29:30 GMT-0700 (Mexican Pacific Standard Time)
[debug] [2024-08-30T09:29:30.390Z] ----------------------------------------------------------------------
[debug] 
[debug] [2024-08-30T09:29:30.403Z] > command requires scopes: ["email","openid","https://www.googleapis.com/auth/cloudplatformprojects.readonly","https://www.googleapis.com/auth/firebase","https://www.googleapis.com/auth/cloud-platform"]
[debug] [2024-08-30T09:29:30.403Z] > authorizing via signed-in user (prajapatibhavu6@gmail.com)
[info] 
     ######## #### ########  ######## ########     ###     ######  ########
     ##        ##  ##     ## ##       ##     ##  ##   ##  ##       ##
     ######    ##  ########  ######   ########  #########  ######  ######
     ##        ##  ##    ##  ##       ##     ## ##     ##       ## ##
     ##       #### ##     ## ######## ########  ##     ##  ######  ########

You're about to initialize a Firebase project in this directory:

  C:\xampp\htdocs\Kinju

Before we get started, keep in mind:

  * You are currently outside your home directory

[info] 
=== Project Setup
[info] 
[info] First, let's associate this project directory with a Firebase project.
[info] You can create multiple project aliases by running firebase use --add, 
[info] but for now we'll just set up a default project.
[info] 
[info] i  If you want to create a project in a Google Cloud organization or folder, please use "firebase projects:create" instead, and return to this command when you've created the project. 
[debug] [2024-08-30T09:30:07.135Z] >>> [apiv2][query] POST https://cloudresourcemanager.googleapis.com/v1/projects [none]
[debug] [2024-08-30T09:30:07.135Z] >>> [apiv2][body] POST https://cloudresourcemanager.googleapis.com/v1/projects {"projectId":"kinjal","name":"1"}
[debug] [2024-08-30T09:30:07.232Z] *** [apiv2] error from fetch(https://cloudresourcemanager.googleapis.com/v1/projects, {"headers":{},"method":"POST","signal":{},"body":"{\"projectId\":\"kinjal\",\"name\":\"1\"}"}): FetchError: request to https://cloudresourcemanager.googleapis.com/v1/projects failed, reason: getaddrinfo ENOTFOUND cloudresourcemanager.googleapis.com
[debug] [2024-08-30T09:30:07.245Z] FirebaseError: Failed to make request to https://cloudresourcemanager.googleapis.com/v1/projects
    at RetryOperation._fn (C:\Users\Hp\AppData\Roaming\npm\node_modules\firebase-tools\lib\apiv2.js:259:31)
    at process.processTicksAndRejections (node:internal/process/task_queues:95:5)
[error] 
[error] Error: Failed to create project. See firebase-debug.log for more info.
